<?xml version="1.0" encoding="UTF-8"?>
<!-- Generated by org.testng.reporters.JUnitReportReporter -->
<testsuite hostname="naveen-inc4843" failures="0" tests="1" name="com.fitpeo.pages.start" time="18.078" errors="0" timestamp="2024-11-26T12:26:08 IST" skipped="0">
  <testcase classname="com.fitpeo.pages.start" name="runTest" time="18.078"/>
</testsuite> <!-- com.fitpeo.pages.start -->
