<?xml version="1.0" encoding="UTF-8"?>
<!-- Generated by org.testng.reporters.JUnitReportReporter -->
<testsuite hostname="naveen-inc4843" failures="0" tests="1" name="com.fitpeo.test.StartTestScript" time="457.538" errors="0" timestamp="2024-11-26T13:00:37 IST" skipped="0">
  <testcase classname="com.fitpeo.test.StartTestScript" name="runTest" time="457.538"/>
</testsuite> <!-- com.fitpeo.test.StartTestScript -->
